c:\users\kerols ayman\source\repos\gui1\gui1\x64\debug\vc143.pdb
c:\users\kerols ayman\source\repos\gui1\gui1\x64\debug\vc143.idb
c:\users\kerols ayman\source\repos\gui1\gui1\x64\debug\qrc_gui1.obj
c:\users\kerols ayman\source\repos\gui1\gui1\x64\debug\main.obj
c:\users\kerols ayman\source\repos\gui1\gui1\x64\debug\graph.obj
c:\users\kerols ayman\source\repos\gui1\gui1\x64\debug\vertex.obj
c:\users\kerols ayman\source\repos\gui1\gui1\x64\debug\edges.obj
c:\users\kerols ayman\source\repos\gui1\gui1\x64\debug\gui1.obj
c:\users\kerols ayman\source\repos\gui1\gui1\x64\debug\moc_gui1.obj
c:\users\kerols ayman\source\repos\gui1\gui1\x64\debug\qt\uic\ui_gui1.h
c:\users\kerols ayman\source\repos\gui1\gui1\x64\debug\qt\rcc\qrc_gui1.cpp
c:\users\kerols ayman\source\repos\gui1\gui1\x64\debug\qt\moc\moc_gui1.cpp
c:\users\kerols ayman\source\repos\gui1\x64\debug\gui1.exe
c:\users\kerols ayman\source\repos\gui1\x64\debug\gui1.pdb
c:\users\kerols ayman\source\repos\gui1\gui1\x64\debug\gui1.ilk
c:\users\kerols ayman\source\repos\gui1\gui1\x64\debug\gui1.tlog\cl.command.1.tlog
c:\users\kerols ayman\source\repos\gui1\gui1\x64\debug\gui1.tlog\cl.items.tlog
c:\users\kerols ayman\source\repos\gui1\gui1\x64\debug\gui1.tlog\cl.read.1.tlog
c:\users\kerols ayman\source\repos\gui1\gui1\x64\debug\gui1.tlog\cl.write.1.tlog
c:\users\kerols ayman\source\repos\gui1\gui1\x64\debug\gui1.tlog\gui1.write.1u.tlog
c:\users\kerols ayman\source\repos\gui1\gui1\x64\debug\gui1.tlog\link.command.1.tlog
c:\users\kerols ayman\source\repos\gui1\gui1\x64\debug\gui1.tlog\link.read.1.tlog
c:\users\kerols ayman\source\repos\gui1\gui1\x64\debug\gui1.tlog\link.secondary.1.tlog
c:\users\kerols ayman\source\repos\gui1\gui1\x64\debug\gui1.tlog\link.write.1.tlog
c:\users\kerols ayman\source\repos\gui1\gui1\x64\debug\gui1.tlog\moc.read.1u.tlog
c:\users\kerols ayman\source\repos\gui1\gui1\x64\debug\gui1.tlog\moc.write.1u.tlog
c:\users\kerols ayman\source\repos\gui1\gui1\x64\debug\gui1.tlog\rcc.read.1u.tlog
c:\users\kerols ayman\source\repos\gui1\gui1\x64\debug\gui1.tlog\rcc.write.1u.tlog
c:\users\kerols ayman\source\repos\gui1\gui1\x64\debug\gui1.tlog\uic.read.1u.tlog
c:\users\kerols ayman\source\repos\gui1\gui1\x64\debug\gui1.tlog\uic.write.1u.tlog
